{"/home/dzno23/Documents/Trybe/trybe-exercicios/fundamentos/secao-07-introducao-a-javascript-es6-e-teste-unitarios/dia-03-primeiros-passos-em-jest/exercicios.js": {"path":"/home/dzno23/Documents/Trybe/trybe-exercicios/fundamentos/secao-07-introducao-a-javascript-es6-e-teste-unitarios/dia-03-primeiros-passos-em-jest/exercicios.js","statementMap":{"0":{"start":{"line":3,"column":2},"end":{"line":5,"column":3}},"1":{"start":{"line":4,"column":4},"end":{"line":4,"column":50}},"2":{"start":{"line":7,"column":2},"end":{"line":7,"column":15}},"3":{"start":{"line":12,"column":15},"end":{"line":12,"column":17}},"4":{"start":{"line":13,"column":2},"end":{"line":17,"column":3}},"5":{"start":{"line":13,"column":19},"end":{"line":13,"column":20}},"6":{"start":{"line":14,"column":4},"end":{"line":16,"column":5}},"7":{"start":{"line":15,"column":6},"end":{"line":15,"column":30}},"8":{"start":{"line":18,"column":2},"end":{"line":18,"column":16}},"9":{"start":{"line":23,"column":2},"end":{"line":23,"column":44}},"10":{"start":{"line":23,"column":31},"end":{"line":23,"column":44}},"11":{"start":{"line":24,"column":2},"end":{"line":24,"column":56}},"12":{"start":{"line":24,"column":38},"end":{"line":24,"column":56}},"13":{"start":{"line":25,"column":2},"end":{"line":25,"column":35}},"14":{"start":{"line":25,"column":21},"end":{"line":25,"column":35}},"15":{"start":{"line":26,"column":2},"end":{"line":26,"column":35}},"16":{"start":{"line":26,"column":21},"end":{"line":26,"column":35}},"17":{"start":{"line":27,"column":2},"end":{"line":27,"column":13}},"18":{"start":{"line":31,"column":15},"end":{"line":31,"column":40}},"19":{"start":{"line":32,"column":13},"end":{"line":32,"column":28}},"20":{"start":{"line":35,"column":20},"end":{"line":35,"column":34}},"21":{"start":{"line":36,"column":2},"end":{"line":40,"column":5}},"22":{"start":{"line":37,"column":4},"end":{"line":39,"column":7}},"23":{"start":{"line":38,"column":6},"end":{"line":38,"column":64}},"24":{"start":{"line":42,"column":2},"end":{"line":42,"column":28}},"25":{"start":{"line":46,"column":20},"end":{"line":46,"column":34}},"26":{"start":{"line":47,"column":2},"end":{"line":51,"column":5}},"27":{"start":{"line":48,"column":4},"end":{"line":50,"column":7}},"28":{"start":{"line":49,"column":6},"end":{"line":49,"column":78}},"29":{"start":{"line":53,"column":2},"end":{"line":53,"column":28}},"30":{"start":{"line":58,"column":2},"end":{"line":60,"column":3}},"31":{"start":{"line":59,"column":4},"end":{"line":59,"column":20}},"32":{"start":{"line":61,"column":26},"end":{"line":61,"column":38}},"33":{"start":{"line":62,"column":22},"end":{"line":62,"column":24}},"34":{"start":{"line":63,"column":2},"end":{"line":65,"column":3}},"35":{"start":{"line":63,"column":19},"end":{"line":63,"column":20}},"36":{"start":{"line":64,"column":4},"end":{"line":64,"column":69}},"37":{"start":{"line":66,"column":2},"end":{"line":66,"column":21}},"38":{"start":{"line":70,"column":16},"end":{"line":83,"column":1}},"39":{"start":{"line":71,"column":26},"end":{"line":71,"column":43}},"40":{"start":{"line":72,"column":12},"end":{"line":72,"column":13}},"41":{"start":{"line":73,"column":2},"end":{"line":78,"column":3}},"42":{"start":{"line":73,"column":19},"end":{"line":73,"column":20}},"43":{"start":{"line":74,"column":25},"end":{"line":74,"column":57}},"44":{"start":{"line":75,"column":4},"end":{"line":77,"column":5}},"45":{"start":{"line":76,"column":6},"end":{"line":76,"column":28}},"46":{"start":{"line":79,"column":2},"end":{"line":81,"column":3}},"47":{"start":{"line":80,"column":4},"end":{"line":80,"column":33}},"48":{"start":{"line":82,"column":2},"end":{"line":82,"column":32}},"49":{"start":{"line":85,"column":0},"end":{"line":85,"column":80}}},"fnMap":{"0":{"name":"sum","decl":{"start":{"line":2,"column":9},"end":{"line":2,"column":12}},"loc":{"start":{"line":2,"column":19},"end":{"line":8,"column":1}},"line":2},"1":{"name":"myRemove","decl":{"start":{"line":11,"column":9},"end":{"line":11,"column":17}},"loc":{"start":{"line":11,"column":29},"end":{"line":19,"column":1}},"line":11},"2":{"name":"myFizzBuzz","decl":{"start":{"line":22,"column":9},"end":{"line":22,"column":19}},"loc":{"start":{"line":22,"column":25},"end":{"line":28,"column":1}},"line":22},"3":{"name":"encode","decl":{"start":{"line":34,"column":9},"end":{"line":34,"column":15}},"loc":{"start":{"line":34,"column":22},"end":{"line":43,"column":1}},"line":34},"4":{"name":"(anonymous_4)","decl":{"start":{"line":36,"column":20},"end":{"line":36,"column":21}},"loc":{"start":{"line":36,"column":34},"end":{"line":40,"column":3}},"line":36},"5":{"name":"(anonymous_5)","decl":{"start":{"line":37,"column":19},"end":{"line":37,"column":20}},"loc":{"start":{"line":37,"column":33},"end":{"line":39,"column":5}},"line":37},"6":{"name":"decode","decl":{"start":{"line":45,"column":9},"end":{"line":45,"column":15}},"loc":{"start":{"line":45,"column":22},"end":{"line":54,"column":1}},"line":45},"7":{"name":"(anonymous_7)","decl":{"start":{"line":47,"column":20},"end":{"line":47,"column":21}},"loc":{"start":{"line":47,"column":37},"end":{"line":51,"column":3}},"line":47},"8":{"name":"(anonymous_8)","decl":{"start":{"line":48,"column":17},"end":{"line":48,"column":18}},"loc":{"start":{"line":48,"column":29},"end":{"line":50,"column":5}},"line":48},"9":{"name":"techList","decl":{"start":{"line":57,"column":9},"end":{"line":57,"column":17}},"loc":{"start":{"line":57,"column":31},"end":{"line":67,"column":1}},"line":57},"10":{"name":"(anonymous_10)","decl":{"start":{"line":70,"column":16},"end":{"line":70,"column":17}},"loc":{"start":{"line":70,"column":28},"end":{"line":83,"column":1}},"line":70}},"branchMap":{"0":{"loc":{"start":{"line":3,"column":2},"end":{"line":5,"column":3}},"type":"if","locations":[{"start":{"line":3,"column":2},"end":{"line":5,"column":3}},{"start":{},"end":{}}],"line":3},"1":{"loc":{"start":{"line":3,"column":6},"end":{"line":3,"column":52}},"type":"binary-expr","locations":[{"start":{"line":3,"column":6},"end":{"line":3,"column":27}},{"start":{"line":3,"column":31},"end":{"line":3,"column":52}}],"line":3},"2":{"loc":{"start":{"line":14,"column":4},"end":{"line":16,"column":5}},"type":"if","locations":[{"start":{"line":14,"column":4},"end":{"line":16,"column":5}},{"start":{},"end":{}}],"line":14},"3":{"loc":{"start":{"line":23,"column":2},"end":{"line":23,"column":44}},"type":"if","locations":[{"start":{"line":23,"column":2},"end":{"line":23,"column":44}},{"start":{},"end":{}}],"line":23},"4":{"loc":{"start":{"line":24,"column":2},"end":{"line":24,"column":56}},"type":"if","locations":[{"start":{"line":24,"column":2},"end":{"line":24,"column":56}},{"start":{},"end":{}}],"line":24},"5":{"loc":{"start":{"line":24,"column":6},"end":{"line":24,"column":36}},"type":"binary-expr","locations":[{"start":{"line":24,"column":6},"end":{"line":24,"column":19}},{"start":{"line":24,"column":23},"end":{"line":24,"column":36}}],"line":24},"6":{"loc":{"start":{"line":25,"column":2},"end":{"line":25,"column":35}},"type":"if","locations":[{"start":{"line":25,"column":2},"end":{"line":25,"column":35}},{"start":{},"end":{}}],"line":25},"7":{"loc":{"start":{"line":26,"column":2},"end":{"line":26,"column":35}},"type":"if","locations":[{"start":{"line":26,"column":2},"end":{"line":26,"column":35}},{"start":{},"end":{}}],"line":26},"8":{"loc":{"start":{"line":38,"column":21},"end":{"line":38,"column":63}},"type":"cond-expr","locations":[{"start":{"line":38,"column":41},"end":{"line":38,"column":48}},{"start":{"line":38,"column":51},"end":{"line":38,"column":63}}],"line":38},"9":{"loc":{"start":{"line":49,"column":21},"end":{"line":49,"column":77}},"type":"cond-expr","locations":[{"start":{"line":49,"column":53},"end":{"line":49,"column":62}},{"start":{"line":49,"column":65},"end":{"line":49,"column":77}}],"line":49},"10":{"loc":{"start":{"line":58,"column":2},"end":{"line":60,"column":3}},"type":"if","locations":[{"start":{"line":58,"column":2},"end":{"line":60,"column":3}},{"start":{},"end":{}}],"line":58},"11":{"loc":{"start":{"line":75,"column":4},"end":{"line":77,"column":5}},"type":"if","locations":[{"start":{"line":75,"column":4},"end":{"line":77,"column":5}},{"start":{},"end":{}}],"line":75},"12":{"loc":{"start":{"line":79,"column":2},"end":{"line":81,"column":3}},"type":"if","locations":[{"start":{"line":79,"column":2},"end":{"line":81,"column":3}},{"start":{},"end":{}}],"line":79}},"s":{"0":4,"1":2,"2":2,"3":3,"4":3,"5":3,"6":12,"7":10,"8":3,"9":5,"10":1,"11":4,"12":1,"13":3,"14":1,"15":2,"16":1,"17":1,"18":1,"19":1,"20":3,"21":3,"22":27,"23":135,"24":3,"25":3,"26":3,"27":25,"28":125,"29":3,"30":2,"31":1,"32":1,"33":1,"34":1,"35":1,"36":5,"37":1,"38":1,"39":5,"40":5,"41":5,"42":5,"43":36,"44":36,"45":12,"46":5,"47":1,"48":4,"49":1},"f":{"0":4,"1":3,"2":5,"3":3,"4":27,"5":135,"6":3,"7":25,"8":125,"9":2,"10":5},"b":{"0":[2,2],"1":[4,4],"2":[10,2],"3":[1,4],"4":[1,3],"5":[4,2],"6":[1,2],"7":[1,1],"8":[11,124],"9":[10,115],"10":[1,1],"11":[12,24],"12":[1,4]},"_coverageSchema":"1a1c01bbd47fc00a2c39e90264f33305004495a9","hash":"b98b9e84f55ed068c272789a91d6f0e404f13234"}
,"/home/dzno23/Documents/Trybe/trybe-exercicios/fundamentos/secao-07-introducao-a-javascript-es6-e-teste-unitarios/dia-03-primeiros-passos-em-jest/atividades/script.js": {"path":"/home/dzno23/Documents/Trybe/trybe-exercicios/fundamentos/secao-07-introducao-a-javascript-es6-e-teste-unitarios/dia-03-primeiros-passos-em-jest/atividades/script.js","statementMap":{"0":{"start":{"line":1,"column":12},"end":{"line":1,"column":27}},"1":{"start":{"line":1,"column":22},"end":{"line":1,"column":27}},"2":{"start":{"line":3,"column":0},"end":{"line":3,"column":21}}},"fnMap":{"0":{"name":"(anonymous_0)","decl":{"start":{"line":1,"column":12},"end":{"line":1,"column":13}},"loc":{"start":{"line":1,"column":22},"end":{"line":1,"column":27}},"line":1}},"branchMap":{},"s":{"0":1,"1":1,"2":1},"f":{"0":1},"b":{},"_coverageSchema":"1a1c01bbd47fc00a2c39e90264f33305004495a9","hash":"69cc551dc20eda243b48eb2c43a5451b71c7bd5f"}
}
