TN:
SF:exercicios.js
FN:2,sum
FN:11,myRemove
FN:22,myFizzBuzz
FN:34,encode
FN:36,(anonymous_4)
FN:37,(anonymous_5)
FN:45,decode
FN:47,(anonymous_7)
FN:48,(anonymous_8)
FN:57,techList
FN:70,(anonymous_10)
FNF:11
FNH:11
FNDA:4,sum
FNDA:3,myRemove
FNDA:5,myFizzBuzz
FNDA:3,encode
FNDA:27,(anonymous_4)
FNDA:135,(anonymous_5)
FNDA:3,decode
FNDA:25,(anonymous_7)
FNDA:125,(anonymous_8)
FNDA:2,techList
FNDA:5,(anonymous_10)
DA:3,4
DA:4,2
DA:7,2
DA:12,3
DA:13,3
DA:14,12
DA:15,10
DA:18,3
DA:23,5
DA:24,4
DA:25,3
DA:26,2
DA:27,1
DA:31,1
DA:32,1
DA:35,3
DA:36,3
DA:37,27
DA:38,135
DA:42,3
DA:46,3
DA:47,3
DA:48,25
DA:49,125
DA:53,3
DA:58,2
DA:59,1
DA:61,1
DA:62,1
DA:63,1
DA:64,5
DA:66,1
DA:70,1
DA:71,5
DA:72,5
DA:73,5
DA:74,36
DA:75,36
DA:76,12
DA:79,5
DA:80,1
DA:82,4
DA:85,1
LF:43
LH:43
BRDA:3,0,0,2
BRDA:3,0,1,2
BRDA:3,1,0,4
BRDA:3,1,1,4
BRDA:14,2,0,10
BRDA:14,2,1,2
BRDA:23,3,0,1
BRDA:23,3,1,4
BRDA:24,4,0,1
BRDA:24,4,1,3
BRDA:24,5,0,4
BRDA:24,5,1,2
BRDA:25,6,0,1
BRDA:25,6,1,2
BRDA:26,7,0,1
BRDA:26,7,1,1
BRDA:38,8,0,11
BRDA:38,8,1,124
BRDA:49,9,0,10
BRDA:49,9,1,115
BRDA:58,10,0,1
BRDA:58,10,1,1
BRDA:75,11,0,12
BRDA:75,11,1,24
BRDA:79,12,0,1
BRDA:79,12,1,4
BRF:26
BRH:26
end_of_record
TN:
SF:atividades/script.js
FN:1,(anonymous_0)
FNF:1
FNH:1
FNDA:1,(anonymous_0)
DA:1,1
DA:3,1
LF:2
LH:2
BRF:0
BRH:0
end_of_record
